#
# A fatal error has been detected by the Java Runtime Environment:
#
#  EXCEPTION_ACCESS_VIOLATION (0xc0000005) at pc=0x00007ffa373a8701, pid=25472, tid=9776
#
# JRE version: OpenJDK Runtime Environment Temurin-17.0.7+7 (17.0.7+7) (build 17.0.7+7)
# Java VM: OpenJDK 64-Bit Server VM Temurin-17.0.7+7 (17.0.7+7, mixed mode, tiered, compressed oops, compressed class ptrs, g1 gc, windows-amd64)
# Problematic frame:
# V  [jvm.dll+0x308701]
#
# No core dump will be written. Minidumps are not enabled by default on client versions of Windows
#
# If you would like to submit a bug report, please visit:
#   https://github.com/adoptium/adoptium-support/issues
#

---------------  S U M M A R Y ------------

Command Line: -Dfile.encoding=UTF-8 -XX:+ShowCodeDetailsInExceptionMessages com.automationcode.day3.Locators_In_Selenium

Host: AMD Ryzen 7 5800X 8-Core Processor             , 16 cores, 31G,  Windows 10 , 64 bit Build 19041 (10.0.19041.3031)
Time: Thu Jul 20 19:12:08 2023 Eastern Daylight Time elapsed time: 0.791408 seconds (0d 0h 0m 0s)

---------------  T H R E A D  ---------------

Current thread (0x0000020b7e1d20a0):  GCTaskThread "GC Thread#5" [stack: 0x00000043e8800000,0x00000043e8900000] [id=9776]

Stack: [0x00000043e8800000,0x00000043e8900000],  sp=0x00000043e88ff620,  free space=1021k
Native frames: (J=compiled Java code, j=interpreted, Vv=VM code, C=native code)
V  [jvm.dll+0x308701]
V  [jvm.dll+0x2dc224]
V  [jvm.dll+0x2dc9ca]
V  [jvm.dll+0x2dcac7]
V  [jvm.dll+0x2e208b]
V  [jvm.dll+0x860ffb]
V  [jvm.dll+0x861046]
V  [jvm.dll+0x7e4e7a]
V  [jvm.dll+0x676395]
C  [ucrtbase.dll+0x21bb2]
C  [KERNEL32.DLL+0x17614]
C  [ntdll.dll+0x526f1]


siginfo: EXCEPTION_ACCESS_VIOLATION (0xc0000005), reading address 0x0000000200000000


Register to memory mapping:

RIP=0x00007ffa373a8701 jvm.dll
RAX=0x0000020b4ff59878 points into unknown readable memory: 0x0000000000000000 | 00 00 00 00 00 00 00 00
RBX=0x0000020b7e2de030 points into unknown readable memory: 0x00007ffa379f84e8 | e8 84 9f 37 fa 7f 00 00
RCX=0x0 is NULL
RDX=2048 is a compressed pointer to class: 0x0000000800000800
com.automationcode.day3.Locators_In_Selenium {0x0000000800000808}
 - instance size:     2
 - klass size:        64
 - access:            public synchronized 
 - state:             fully_initialized
 - name:              'com/automationcode/day3/Locators_In_Selenium'
 - super:             'java/lang/Object'
 - sub:               
 - arrays:            NULL
 - methods:           Array<T>(0x0000020b7a4004a0)
 - method ordering:   Array<T>(0x0000020b7a000018)
 - default_methods:   Array<T>(0x0000000000000000)
 - local interfaces:  Array<T>(0x0000020b7a000058)
 - trans. interfaces: Array<T>(0x0000020b7a000058)
 - constants:         constant pool [112] {0x0000020b7a400080} for 'com/automationcode/day3/Locators_In_Selenium' cache=0x0000020b7a401480
 - class loader data:  loader data: 0x0000020b75efdbf0 for instance a 'jdk/internal/loader/ClassLoaders$AppClassLoader'{0x000000061f400000}
 - source file:       'Locators_In_Selenium.java'
 - class annotations:       Array<T>(0x0000000000000000)
 - class type annotations:  Array<T>(0x0000000000000000)
 - field annotations:       Array<T>(0x0000000000000000)
 - field type annotations:  Array<T>(0x0000000000000000)
 - inner classes:     Array<T>(0x0000020b7a4007e0)
 - nest members:     Array<T>(0x0000020b7a000028)
 - permitted subclasses:     Array<T>(0x0000020b7a000028)
 - java mirror:       a 'java/lang/Class'{0x000000061f434b60} = 'com/automationcode/day3/Locators_In_Selenium'
 - vtable length      5  (start addr: 0x00000008000009c8)
 - itable length      2 (start addr: 0x00000008000009f0)
 - ---- static fields (0 words):
 - ---- non-static fields (0 words):
 - non-static oop maps: 
RSP=0x00000043e88ff620 points into unknown readable memory: 0x00000000000013dc | dc 13 00 00 00 00 00 00
RBP=0x0000020b4febf890 points into unknown readable memory: 0x00007ffa379f1dc8 | c8 1d 9f 37 fa 7f 00 00
RSI=0x00000006010ec06c is pointing into object: java.lang.Class 
{0x00000006010ec010} - klass: 'java/lang/Class'
 - ---- fields (total size 14 words):
 - private volatile transient 'classRedefinedCount' 'I' @12  0
 - private volatile transient 'cachedConstructor' 'Ljava/lang/reflect/Constructor;' @40  NULL (0)
 - private transient 'name' 'Ljava/lang/String;' @44  NULL (0)
 - private transient 'module' 'Ljava/lang/Module;' @48  a 'java/lang/Module'{0x000000061f470f98} (c3e8e1f3)
 - private final 'classLoader' 'Ljava/lang/ClassLoader;' @52  NULL (0)
 - private transient 'classData' 'Ljava/lang/Object;' @56  NULL (0)
 - private transient 'packageName' 'Ljava/lang/String;' @60  NULL (0)
 - private final 'componentType' 'Ljava/lang/Class;' @64  NULL (0)
 - private volatile transient 'reflectionData' 'Ljava/lang/ref/SoftReference;' @68  a 'java/lang/ref/SoftReference'{0x00000006010e0a30} (c021c146)
 - private volatile transient 'genericInfo' 'Lsun/reflect/generics/repository/ClassRepository;' @72  NULL (0)
 - private volatile transient 'enumConstants' '[Ljava/lang/Object;' @76  NULL (0)
 - private volatile transient 'enumConstantDirectory' 'Ljava/util/Map;' @80  NULL (0)
 - private volatile transient 'annotationData' 'Ljava/lang/Class$AnnotationData;' @84  NULL (0)
 - private volatile transient 'annotationType' 'Lsun/reflect/annotation/AnnotationType;' @88  NULL (0)
 - transient 'classValueMap' 'Ljava/lang/ClassValue$ClassValueMap;' @92  
[error occurred during error reporting (printing register info), id 0xc0000005, EXCEPTION_ACCESS_VIOLATION (0xc0000005) at pc=0x00007ffa3743239e]

Registers:
RAX=0x0000020b4ff59878, RBX=0x0000020b7e2de030, RCX=0x0000000000000000, RDX=0x0000000000000800
RSP=0x00000043e88ff620, RBP=0x0000020b4febf890, RSI=0x00000006010ec06c, RDI=0x0000000000000767
R8 =0x0000000000000000, R9 =0x00000000000013dd, R10=0x0000000200000000, R11=0x0000020b4feca200
R12=0x0000000000000003, R13=0x00000043e88ff740, R14=0x0000020b7e2de030, R15=0x0000000000000000
RIP=0x00007ffa373a8701, EFLAGS=0x0000000000010246

Top of Stack: (sp=0x00000043e88ff620)
0x00000043e88ff620:   00000000000013dc 0000020b7e2de030
0x00000043e88ff630:   0000020b4febf890 0000000000000001
0x00000043e88ff640:   00000043e71fe700 00000043e88ff6c0
0x00000043e88ff650:   0000000000000000 00007ffa3737c224
0x00000043e88ff660:   00000025ef8c0000 0000000000000009
0x00000043e88ff670:   00000006010ec06d 0000020b7e2de030
0x00000043e88ff680:   000000000000000c 00007ffa3739d5f7
0x00000043e88ff690:   0000000000000000 0000000000000000
0x00000043e88ff6a0:   0000004300000000 00007ffa3789338e
0x00000043e88ff6b0:   0000000000000000 0000000000000000
0x00000043e88ff6c0:   0000020b78e911d0 0000020b7e2cb490
0x00000043e88ff6d0:   00000000000003d8 0000020b78e915a8
0x00000043e88ff6e0:   00000043e71fe780 0000000000000013
0x00000043e88ff6f0:   0000000000000009 00007ffa3737c9ca
0x00000043e88ff700:   0000000000000003 0000020b7e2de030
0x00000043e88ff710:   0000020b7e2de030 0000000000000000 

Instructions: (pc=0x00007ffa373a8701)
0x00007ffa373a8601:   83 3c 07 00 75 4d 45 33 c0 b9 38 02 00 00 41 8d
0x00007ffa373a8611:   50 05 e8 88 e1 d9 ff 48 8b c8 48 85 c0 74 28 48
0x00007ffa373a8621:   8b 43 28 44 8b ce 4c 8b 43 08 48 8b 13 48 89 44
0x00007ffa373a8631:   24 30 48 8b 43 20 48 89 44 24 28 8b 43 30 89 44
0x00007ffa373a8641:   24 20 e8 a8 ee ff ff 48 8b 4b 10 48 89 04 0f 48
0x00007ffa373a8651:   8b 43 10 48 8b 04 07 48 8b 5c 24 50 48 8b 74 24
0x00007ffa373a8661:   58 48 83 c4 40 5f c3 cc cc cc cc cc cc cc cc 40
0x00007ffa373a8671:   53 55 48 83 ec 28 48 8b ea 48 c7 44 24 50 00 00
0x00007ffa373a8681:   00 00 8b 91 a8 01 00 00 4c 8d 44 24 50 48 8b d9
0x00007ffa373a8691:   48 8b cd e8 37 27 fe ff 84 c0 0f 84 8a 02 00 00
0x00007ffa373a86a1:   48 89 74 24 48 48 89 7c 24 20 0f 1f 44 00 00 48
0x00007ffa373a86b1:   8b 54 24 50 f6 c2 01 0f 84 27 01 00 00 8b 0d 24
0x00007ffa373a86c1:   6c 7f 00 48 8d 72 ff 48 8b 43 08 44 8b 16 49 d3
0x00007ffa373a86d1:   e2 4c 03 15 07 6c 7f 00 8b 88 90 05 00 00 49 8b
0x00007ffa373a86e1:   d2 48 8b 80 80 05 00 00 48 d3 ea 0f b7 0c 50 66
0x00007ffa373a86f1:   89 4c 24 40 66 c1 e9 08 84 c9 0f 88 fb 01 00 00
0x00007ffa373a8701:   4d 8b 02 41 0f b6 c0 24 03 3c 03 75 1e 80 3d 3b
0x00007ffa373a8711:   2f 86 00 00 74 0f 41 0f b6 c0 24 07 3c 05 75 05
0x00007ffa373a8721:   45 33 c0 eb 1c 49 83 e0 fc eb 16 0f b7 54 24 40
0x00007ffa373a8731:   4d 8b c8 4d 8b c2 48 8b cb e8 61 f5 ff ff 4c 8b
0x00007ffa373a8741:   c0 8b 0d a0 6b 7f 00 49 8b d0 48 2b 15 8e 6b 7f
0x00007ffa373a8751:   00 48 d3 ea 89 16 48 8b d6 8b 0d 70 37 86 00 49
0x00007ffa373a8761:   33 d0 48 d3 ea 48 85 d2 0f 84 8d 01 00 00 48 8b
0x00007ffa373a8771:   43 08 48 8b d6 8b 88 c0 01 00 00 48 8b 80 b0 01
0x00007ffa373a8781:   00 00 48 d3 ea 48 8b 0c d0 8b 81 94 00 00 00 d1
0x00007ffa373a8791:   e8 a8 01 0f 85 62 01 00 00 48 8b 43 08 8b 88 90
0x00007ffa373a87a1:   05 00 00 48 8b 80 80 05 00 00 49 d3 e8 42 80 3c
0x00007ffa373a87b1:   40 00 0f 84 43 01 00 00 48 8b 43 60 48 c1 ee 09
0x00007ffa373a87c1:   48 8b 78 40 48 8b 48 38 48 03 fe 48 2b f9 48 39
0x00007ffa373a87d1:   bb b0 01 00 00 0f 84 20 01 00 00 48 8d 14 39 e9
0x00007ffa373a87e1:   f9 00 00 00 f6 c2 03 0f 85 02 01 00 00 48 8b 43
0x00007ffa373a87f1:   08 4c 8b 02 49 8b d0 8b 88 90 05 00 00 48 8b 80 


Stack slot to memory mapping:
stack at sp + 0 slots: 0x00000000000013dc is an unknown value
stack at sp + 1 slots: 0x0000020b7e2de030 points into unknown readable memory: 0x00007ffa379f84e8 | e8 84 9f 37 fa 7f 00 00
stack at sp + 2 slots: 0x0000020b4febf890 points into unknown readable memory: 0x00007ffa379f1dc8 | c8 1d 9f 37 fa 7f 00 00
stack at sp + 3 slots: 0x0000000000000001 is an unknown value
stack at sp + 4 slots: 0x00000043e71fe700 points into unknown readable memory: 0x0000000000000000 | 00 00 00 00 00 00 00 00
stack at sp + 5 slots: 0x00000043e88ff6c0 points into unknown readable memory: 0x0000020b78e911d0 | d0 11 e9 78 0b 02 00 00
stack at sp + 6 slots: 0x0 is NULL
stack at sp + 7 slots: 0x00007ffa3737c224 jvm.dll


---------------  P R O C E S S  ---------------

Threads class SMR info:
_java_thread_list=0x0000020b7e27f780, length=18, elements={
0x0000020b4fead890, 0x0000020b78e0e260, 0x0000020b78e111b0, 0x0000020b78e34010,
0x0000020b78e35fd0, 0x0000020b78e38a90, 0x0000020b78e3c940, 0x0000020b78e3d6d0,
0x0000020b78e3e170, 0x0000020b78e5af60, 0x0000020b75f04f70, 0x0000020b78fa5930,
0x0000020b78fe8c50, 0x0000020b78fb7c60, 0x0000020b79896ec0, 0x0000020b79a48f00,
0x0000020b7e238d90, 0x0000020b7e323050
}

Java Threads: ( => current thread )
  0x0000020b4fead890 JavaThread "main" [_thread_blocked, id=18580, stack(0x00000043e6b00000,0x00000043e6c00000)]
  0x0000020b78e0e260 JavaThread "Reference Handler" daemon [_thread_blocked, id=7192, stack(0x00000043e7200000,0x00000043e7300000)]
  0x0000020b78e111b0 JavaThread "Finalizer" daemon [_thread_blocked, id=10624, stack(0x00000043e7300000,0x00000043e7400000)]
  0x0000020b78e34010 JavaThread "Signal Dispatcher" daemon [_thread_blocked, id=15848, stack(0x00000043e7400000,0x00000043e7500000)]
  0x0000020b78e35fd0 JavaThread "Attach Listener" daemon [_thread_blocked, id=18256, stack(0x00000043e7500000,0x00000043e7600000)]
  0x0000020b78e38a90 JavaThread "Service Thread" daemon [_thread_blocked, id=17152, stack(0x00000043e7600000,0x00000043e7700000)]
  0x0000020b78e3c940 JavaThread "Monitor Deflation Thread" daemon [_thread_blocked, id=344, stack(0x00000043e7700000,0x00000043e7800000)]
  0x0000020b78e3d6d0 JavaThread "C2 CompilerThread0" daemon [_thread_blocked, id=13384, stack(0x00000043e7800000,0x00000043e7900000)]
  0x0000020b78e3e170 JavaThread "C1 CompilerThread0" daemon [_thread_blocked, id=21136, stack(0x00000043e7900000,0x00000043e7a00000)]
  0x0000020b78e5af60 JavaThread "Sweeper thread" daemon [_thread_blocked, id=1392, stack(0x00000043e7a00000,0x00000043e7b00000)]
  0x0000020b75f04f70 JavaThread "C1 CompilerThread1" daemon [_thread_blocked, id=24672, stack(0x00000043e7b00000,0x00000043e7c00000)]
  0x0000020b78fa5930 JavaThread "C1 CompilerThread2" daemon [_thread_blocked, id=22984, stack(0x00000043e7c00000,0x00000043e7d00000)]
  0x0000020b78fe8c50 JavaThread "Notification Thread" daemon [_thread_blocked, id=19408, stack(0x00000043e7d00000,0x00000043e7e00000)]
  0x0000020b78fb7c60 JavaThread "Common-Cleaner" daemon [_thread_blocked, id=348, stack(0x00000043e7f00000,0x00000043e8000000)]
  0x0000020b79896ec0 JavaThread "C1 CompilerThread3" daemon [_thread_blocked, id=23812, stack(0x00000043e8200000,0x00000043e8300000)]
  0x0000020b79a48f00 JavaThread "ForkJoinPool.commonPool-worker-1" daemon [_thread_blocked, id=21024, stack(0x00000043e8000000,0x00000043e8100000)]
  0x0000020b7e238d90 JavaThread "C2 CompilerThread1" daemon [_thread_blocked, id=3468, stack(0x00000043e8100000,0x00000043e8200000)]
  0x0000020b7e323050 JavaThread "AsyncHttpClient-1-1" daemon [_thread_blocked, id=1656, stack(0x00000043e8300000,0x00000043e8400000)]

Other Threads:
  0x0000020b75f1e330 VMThread "VM Thread" [stack: 0x00000043e7100000,0x00000043e7200000] [id=4212]
  0x0000020b78fe9940 WatcherThread [stack: 0x00000043e7e00000,0x00000043e7f00000] [id=18520]
  0x0000020b4ff5e170 GCTaskThread "GC Thread#0" [stack: 0x00000043e6c00000,0x00000043e6d00000] [id=7068]
  0x0000020b7e2e0ae0 GCTaskThread "GC Thread#1" [stack: 0x00000043e8400000,0x00000043e8500000] [id=4832]
  0x0000020b7e2e0d90 GCTaskThread "GC Thread#2" [stack: 0x00000043e8500000,0x00000043e8600000] [id=4652]
  0x0000020b7e2e1860 GCTaskThread "GC Thread#3" [stack: 0x00000043e8600000,0x00000043e8700000] [id=18012]
  0x0000020b7e1d1df0 GCTaskThread "GC Thread#4" [stack: 0x00000043e8700000,0x00000043e8800000] [id=22324]
=>0x0000020b7e1d20a0 GCTaskThread "GC Thread#5" [stack: 0x00000043e8800000,0x00000043e8900000] [id=9776]
  0x0000020b7e23d770 GCTaskThread "GC Thread#6" [stack: 0x00000043e8900000,0x00000043e8a00000] [id=13864]
  0x0000020b7e23ee60 GCTaskThread "GC Thread#7" [stack: 0x00000043e8a00000,0x00000043e8b00000] [id=13908]
  0x0000020b7e270630 GCTaskThread "GC Thread#8" [stack: 0x00000043e8b00000,0x00000043e8c00000] [id=1188]
  0x0000020b7e270cf0 GCTaskThread "GC Thread#9" [stack: 0x00000043e8c00000,0x00000043e8d00000] [id=6820]
  0x0000020b7e270fa0 GCTaskThread "GC Thread#10" [stack: 0x00000043e8d00000,0x00000043e8e00000] [id=14008]
  0x0000020b7e271250 GCTaskThread "GC Thread#11" [stack: 0x00000043e8e00000,0x00000043e8f00000] [id=25336]
  0x0000020b75d64070 ConcurrentGCThread "G1 Main Marker" [stack: 0x00000043e6d00000,0x00000043e6e00000] [id=9984]
  0x0000020b75d64a80 ConcurrentGCThread "G1 Conc#0" [stack: 0x00000043e6e00000,0x00000043e6f00000] [id=4296]
  0x0000020b75e4b4b0 ConcurrentGCThread "G1 Refine#0" [stack: 0x00000043e6f00000,0x00000043e7000000] [id=21320]
  0x0000020b75e4bed0 ConcurrentGCThread "G1 Service" [stack: 0x00000043e7000000,0x00000043e7100000] [id=21012]

Threads with active compile tasks:
C1 CompilerThread0      822 1334   !   3       java.util.concurrent.ConcurrentHashMap::transfer (849 bytes)

VM state: at safepoint (normal execution)

VM Mutex/Monitor currently owned by a thread:  ([mutex/lock_event])
[0x0000020b4fea8770] Threads_lock - owner thread: 0x0000020b75f1e330
[0x0000020b4fea8380] Heap_lock - owner thread: 0x0000020b4fead890

Heap address: 0x0000000601000000, size: 8176 MB, Compressed Oops mode: Zero based, Oop shift amount: 3

CDS archive(s) not mapped
Compressed class space mapped at: 0x0000000800000000-0x0000000840000000, reserved size: 1073741824
Narrow klass base: 0x0000000800000000, Narrow klass shift: 0, Narrow klass range: 0x40000000

GC Precious Log:
 CPUs: 16 total, 16 available
 Memory: 32691M
 Large Page Support: Disabled
 NUMA Support: Disabled
 Compressed Oops: Enabled (Zero based)
 Heap Region Size: 4M
 Heap Min Capacity: 8M
 Heap Initial Capacity: 512M
 Heap Max Capacity: 8176M
 Pre-touch: Disabled
 Parallel Workers: 13
 Concurrent Workers: 3
 Concurrent Refinement Workers: 13
 Periodic GC: Disabled

Heap:
 garbage-first heap   total 524288K, used 24576K [0x0000000601000000, 0x0000000800000000)
  region size 4096K, 7 young (28672K), 1 survivors (4096K)
 Metaspace       used 16072K, committed 16320K, reserved 1114112K
  class space    used 1657K, committed 1792K, reserved 1048576K

Heap Regions: E=young(eden), S=young(survivor), O=old, HS=humongous(starts), HC=humongous(continues), CS=collection set, F=free, OA=open archive, CA=closed archive, TAMS=top-at-mark-start (previous, next)
|   0|0x0000000601000000, 0x0000000601121900, 0x0000000601400000| 28%| O|  |TAMS 0x0000000601000000, 0x0000000601000000| Untracked 
|   1|0x0000000601400000, 0x0000000601400000, 0x0000000601800000|  0%| F|  |TAMS 0x0000000601400000, 0x0000000601400000| Untracked 
|   2|0x0000000601800000, 0x0000000601800000, 0x0000000601c00000|  0%| F|  |TAMS 0x0000000601800000, 0x0000000601800000| Untracked 
|   3|0x0000000601c00000, 0x0000000601c00000, 0x0000000602000000|  0%| F|  |TAMS 0x0000000601c00000, 0x0000000601c00000| Untracked 
|   4|0x0000000602000000, 0x0000000602000000, 0x0000000602400000|  0%| F|  |TAMS 0x0000000602000000, 0x0000000602000000| Untracked 
|   5|0x0000000602400000, 0x0000000602400000, 0x0000000602800000|  0%| F|  |TAMS 0x0000000602400000, 0x0000000602400000| Untracked 
|   6|0x0000000602800000, 0x0000000602800000, 0x0000000602c00000|  0%| F|  |TAMS 0x0000000602800000, 0x0000000602800000| Untracked 
|   7|0x0000000602c00000, 0x0000000602c00000, 0x0000000603000000|  0%| F|  |TAMS 0x0000000602c00000, 0x0000000602c00000| Untracked 
|   8|0x0000000603000000, 0x0000000603000000, 0x0000000603400000|  0%| F|  |TAMS 0x0000000603000000, 0x0000000603000000| Untracked 
|   9|0x0000000603400000, 0x0000000603400000, 0x0000000603800000|  0%| F|  |TAMS 0x0000000603400000, 0x0000000603400000| Untracked 
|  10|0x0000000603800000, 0x0000000603800000, 0x0000000603c00000|  0%| F|  |TAMS 0x0000000603800000, 0x0000000603800000| Untracked 
|  11|0x0000000603c00000, 0x0000000603c00000, 0x0000000604000000|  0%| F|  |TAMS 0x0000000603c00000, 0x0000000603c00000| Untracked 
|  12|0x0000000604000000, 0x0000000604000000, 0x0000000604400000|  0%| F|  |TAMS 0x0000000604000000, 0x0000000604000000| Untracked 
|  13|0x0000000604400000, 0x0000000604400000, 0x0000000604800000|  0%| F|  |TAMS 0x0000000604400000, 0x0000000604400000| Untracked 
|  14|0x0000000604800000, 0x0000000604800000, 0x0000000604c00000|  0%| F|  |TAMS 0x0000000604800000, 0x0000000604800000| Untracked 
|  15|0x0000000604c00000, 0x0000000604c00000, 0x0000000605000000|  0%| F|  |TAMS 0x0000000604c00000, 0x0000000604c00000| Untracked 
|  16|0x0000000605000000, 0x0000000605000000, 0x0000000605400000|  0%| F|  |TAMS 0x0000000605000000, 0x0000000605000000| Untracked 
|  17|0x0000000605400000, 0x0000000605400000, 0x0000000605800000|  0%| F|  |TAMS 0x0000000605400000, 0x0000000605400000| Untracked 
|  18|0x0000000605800000, 0x0000000605800000, 0x0000000605c00000|  0%| F|  |TAMS 0x0000000605800000, 0x0000000605800000| Untracked 
|  19|0x0000000605c00000, 0x0000000605c00000, 0x0000000606000000|  0%| F|  |TAMS 0x0000000605c00000, 0x0000000605c00000| Untracked 
|  20|0x0000000606000000, 0x0000000606000000, 0x0000000606400000|  0%| F|  |TAMS 0x0000000606000000, 0x0000000606000000| Untracked 
|  21|0x0000000606400000, 0x0000000606400000, 0x0000000606800000|  0%| F|  |TAMS 0x0000000606400000, 0x0000000606400000| Untracked 
|  22|0x0000000606800000, 0x0000000606800000, 0x0000000606c00000|  0%| F|  |TAMS 0x0000000606800000, 0x0000000606800000| Untracked 
|  23|0x0000000606c00000, 0x0000000606c00000, 0x0000000607000000|  0%| F|  |TAMS 0x0000000606c00000, 0x0000000606c00000| Untracked 
|  24|0x0000000607000000, 0x0000000607000000, 0x0000000607400000|  0%| F|  |TAMS 0x0000000607000000, 0x0000000607000000| Untracked 
|  25|0x0000000607400000, 0x0000000607400000, 0x0000000607800000|  0%| F|  |TAMS 0x0000000607400000, 0x0000000607400000| Untracked 
|  26|0x0000000607800000, 0x0000000607800000, 0x0000000607c00000|  0%| F|  |TAMS 0x0000000607800000, 0x0000000607800000| Untracked 
|  27|0x0000000607c00000, 0x0000000607c00000, 0x0000000608000000|  0%| F|  |TAMS 0x0000000607c00000, 0x0000000607c00000| Untracked 
|  28|0x0000000608000000, 0x0000000608000000, 0x0000000608400000|  0%| F|  |TAMS 0x0000000608000000, 0x0000000608000000| Untracked 
|  29|0x0000000608400000, 0x0000000608400000, 0x0000000608800000|  0%| F|  |TAMS 0x0000000608400000, 0x0000000608400000| Untracked 
|  30|0x0000000608800000, 0x0000000608800000, 0x0000000608c00000|  0%| F|  |TAMS 0x0000000608800000, 0x0000000608800000| Untracked 
|  31|0x0000000608c00000, 0x0000000608c00000, 0x0000000609000000|  0%| F|  |TAMS 0x0000000608c00000, 0x0000000608c00000| Untracked 
|  32|0x0000000609000000, 0x0000000609000000, 0x0000000609400000|  0%| F|  |TAMS 0x0000000609000000, 0x0000000609000000| Untracked 
|  33|0x0000000609400000, 0x0000000609400000, 0x0000000609800000|  0%| F|  |TAMS 0x0000000609400000, 0x0000000609400000| Untracked 
|  34|0x0000000609800000, 0x0000000609800000, 0x0000000609c00000|  0%| F|  |TAMS 0x0000000609800000, 0x0000000609800000| Untracked 
|  35|0x0000000609c00000, 0x0000000609c00000, 0x000000060a000000|  0%| F|  |TAMS 0x0000000609c00000, 0x0000000609c00000| Untracked 
|  36|0x000000060a000000, 0x000000060a000000, 0x000000060a400000|  0%| F|  |TAMS 0x000000060a000000, 0x000000060a000000| Untracked 
|  37|0x000000060a400000, 0x000000060a400000, 0x000000060a800000|  0%| F|  |TAMS 0x000000060a400000, 0x000000060a400000| Untracked 
|  38|0x000000060a800000, 0x000000060a800000, 0x000000060ac00000|  0%| F|  |TAMS 0x000000060a800000, 0x000000060a800000| Untracked 
|  39|0x000000060ac00000, 0x000000060ac00000, 0x000000060b000000|  0%| F|  |TAMS 0x000000060ac00000, 0x000000060ac00000| Untracked 
|  40|0x000000060b000000, 0x000000060b000000, 0x000000060b400000|  0%| F|  |TAMS 0x000000060b000000, 0x000000060b000000| Untracked 
|  41|0x000000060b400000, 0x000000060b400000, 0x000000060b800000|  0%| F|  |TAMS 0x000000060b400000, 0x000000060b400000| Untracked 
|  42|0x000000060b800000, 0x000000060b800000, 0x000000060bc00000|  0%| F|  |TAMS 0x000000060b800000, 0x000000060b800000| Untracked 
|  43|0x000000060bc00000, 0x000000060bc00000, 0x000000060c000000|  0%| F|  |TAMS 0x000000060bc00000, 0x000000060bc00000| Untracked 
|  44|0x000000060c000000, 0x000000060c000000, 0x000000060c400000|  0%| F|  |TAMS 0x000000060c000000, 0x000000060c000000| Untracked 
|  45|0x000000060c400000, 0x000000060c400000, 0x000000060c800000|  0%| F|  |TAMS 0x000000060c400000, 0x000000060c400000| Untracked 
|  46|0x000000060c800000, 0x000000060c800000, 0x000000060cc00000|  0%| F|  |TAMS 0x000000060c800000, 0x000000060c800000| Untracked 
|  47|0x000000060cc00000, 0x000000060cc00000, 0x000000060d000000|  0%| F|  |TAMS 0x000000060cc00000, 0x000000060cc00000| Untracked 
|  48|0x000000060d000000, 0x000000060d000000, 0x000000060d400000|  0%| F|  |TAMS 0x000000060d000000, 0x000000060d000000| Untracked 
|  49|0x000000060d400000, 0x000000060d400000, 0x000000060d800000|  0%| F|  |TAMS 0x000000060d400000, 0x000000060d400000| Untracked 
|  50|0x000000060d800000, 0x000000060d800000, 0x000000060dc00000|  0%| F|  |TAMS 0x000000060d800000, 0x000000060d800000| Untracked 
|  51|0x000000060dc00000, 0x000000060dc00000, 0x000000060e000000|  0%| F|  |TAMS 0x000000060dc00000, 0x000000060dc00000| Untracked 
|  52|0x000000060e000000, 0x000000060e000000, 0x000000060e400000|  0%| F|  |TAMS 0x000000060e000000, 0x000000060e000000| Untracked 
|  53|0x000000060e400000, 0x000000060e400000, 0x000000060e800000|  0%| F|  |TAMS 0x000000060e400000, 0x000000060e400000| Untracked 
|  54|0x000000060e800000, 0x000000060e800000, 0x000000060ec00000|  0%| F|  |TAMS 0x000000060e800000, 0x000000060e800000| Untracked 
|  55|0x000000060ec00000, 0x000000060ec00000, 0x000000060f000000|  0%| F|  |TAMS 0x000000060ec00000, 0x000000060ec00000| Untracked 
|  56|0x000000060f000000, 0x000000060f000000, 0x000000060f400000|  0%| F|  |TAMS 0x000000060f000000, 0x000000060f000000| Untracked 
|  57|0x000000060f400000, 0x000000060f400000, 0x000000060f800000|  0%| F|  |TAMS 0x000000060f400000, 0x000000060f400000| Untracked 
|  58|0x000000060f800000, 0x000000060f800000, 0x000000060fc00000|  0%| F|  |TAMS 0x000000060f800000, 0x000000060f800000| Untracked 
|  59|0x000000060fc00000, 0x000000060fc00000, 0x0000000610000000|  0%| F|  |TAMS 0x000000060fc00000, 0x000000060fc00000| Untracked 
|  60|0x0000000610000000, 0x0000000610000000, 0x0000000610400000|  0%| F|  |TAMS 0x0000000610000000, 0x0000000610000000| Untracked 
|  61|0x0000000610400000, 0x0000000610400000, 0x0000000610800000|  0%| F|  |TAMS 0x0000000610400000, 0x0000000610400000| Untracked 
|  62|0x0000000610800000, 0x0000000610800000, 0x0000000610c00000|  0%| F|  |TAMS 0x0000000610800000, 0x0000000610800000| Untracked 
|  63|0x0000000610c00000, 0x0000000610c00000, 0x0000000611000000|  0%| F|  |TAMS 0x0000000610c00000, 0x0000000610c00000| Untracked 
|  64|0x0000000611000000, 0x0000000611000000, 0x0000000611400000|  0%| F|  |TAMS 0x0000000611000000, 0x0000000611000000| Untracked 
|  65|0x0000000611400000, 0x0000000611400000, 0x0000000611800000|  0%| F|  |TAMS 0x0000000611400000, 0x0000000611400000| Untracked 
|  66|0x0000000611800000, 0x0000000611800000, 0x0000000611c00000|  0%| F|  |TAMS 0x0000000611800000, 0x0000000611800000| Untracked 
|  67|0x0000000611c00000, 0x0000000611c00000, 0x0000000612000000|  0%| F|  |TAMS 0x0000000611c00000, 0x0000000611c00000| Untracked 
|  68|0x0000000612000000, 0x0000000612000000, 0x0000000612400000|  0%| F|  |TAMS 0x0000000612000000, 0x0000000612000000| Untracked 
|  69|0x0000000612400000, 0x0000000612400000, 0x0000000612800000|  0%| F|  |TAMS 0x0000000612400000, 0x0000000612400000| Untracked 
|  70|0x0000000612800000, 0x0000000612800000, 0x0000000612c00000|  0%| F|  |TAMS 0x0000000612800000, 0x0000000612800000| Untracked 
|  71|0x0000000612c00000, 0x0000000612c00000, 0x0000000613000000|  0%| F|  |TAMS 0x0000000612c00000, 0x0000000612c00000| Untracked 
|  72|0x0000000613000000, 0x0000000613000000, 0x0000000613400000|  0%| F|  |TAMS 0x0000000613000000, 0x0000000613000000| Untracked 
|  73|0x0000000613400000, 0x0000000613400000, 0x0000000613800000|  0%| F|  |TAMS 0x0000000613400000, 0x0000000613400000| Untracked 
|  74|0x0000000613800000, 0x0000000613800000, 0x0000000613c00000|  0%| F|  |TAMS 0x0000000613800000, 0x0000000613800000| Untracked 
|  75|0x0000000613c00000, 0x0000000613c00000, 0x0000000614000000|  0%| F|  |TAMS 0x0000000613c00000, 0x0000000613c00000| Untracked 
|  76|0x0000000614000000, 0x0000000614000000, 0x0000000614400000|  0%| F|  |TAMS 0x0000000614000000, 0x0000000614000000| Untracked 
|  77|0x0000000614400000, 0x0000000614400000, 0x0000000614800000|  0%| F|  |TAMS 0x0000000614400000, 0x0000000614400000| Untracked 
|  78|0x0000000614800000, 0x0000000614800000, 0x0000000614c00000|  0%| F|  |TAMS 0x0000000614800000, 0x0000000614800000| Untracked 
|  79|0x0000000614c00000, 0x0000000614c00000, 0x0000000615000000|  0%| F|  |TAMS 0x0000000614c00000, 0x0000000614c00000| Untracked 
|  80|0x0000000615000000, 0x0000000615000000, 0x0000000615400000|  0%| F|  |TAMS 0x0000000615000000, 0x0000000615000000| Untracked 
|  81|0x0000000615400000, 0x0000000615400000, 0x0000000615800000|  0%| F|  |TAMS 0x0000000615400000, 0x0000000615400000| Untracked 
|  82|0x0000000615800000, 0x0000000615800000, 0x0000000615c00000|  0%| F|  |TAMS 0x0000000615800000, 0x0000000615800000| Untracked 
|  83|0x0000000615c00000, 0x0000000615c00000, 0x0000000616000000|  0%| F|  |TAMS 0x0000000615c00000, 0x0000000615c00000| Untracked 
|  84|0x0000000616000000, 0x0000000616000000, 0x0000000616400000|  0%| F|  |TAMS 0x0000000616000000, 0x0000000616000000| Untracked 
|  85|0x0000000616400000, 0x0000000616400000, 0x0000000616800000|  0%| F|  |TAMS 0x0000000616400000, 0x0000000616400000| Untracked 
|  86|0x0000000616800000, 0x0000000616800000, 0x0000000616c00000|  0%| F|  |TAMS 0x0000000616800000, 0x0000000616800000| Untracked 
|  87|0x0000000616c00000, 0x0000000616c00000, 0x0000000617000000|  0%| F|  |TAMS 0x0000000616c00000, 0x0000000616c00000| Untracked 
|  88|0x0000000617000000, 0x0000000617000000, 0x0000000617400000|  0%| F|  |TAMS 0x0000000617000000, 0x0000000617000000| Untracked 
|  89|0x0000000617400000, 0x0000000617400000, 0x0000000617800000|  0%| F|  |TAMS 0x0000000617400000, 0x0000000617400000| Untracked 
|  90|0x0000000617800000, 0x0000000617800000, 0x0000000617c00000|  0%| F|  |TAMS 0x0000000617800000, 0x0000000617800000| Untracked 
|  91|0x0000000617c00000, 0x0000000617c00000, 0x0000000618000000|  0%| F|  |TAMS 0x0000000617c00000, 0x0000000617c00000| Untracked 
|  92|0x0000000618000000, 0x0000000618000000, 0x0000000618400000|  0%| F|  |TAMS 0x0000000618000000, 0x0000000618000000| Untracked 
|  93|0x0000000618400000, 0x0000000618400000, 0x0000000618800000|  0%| F|  |TAMS 0x0000000618400000, 0x0000000618400000| Untracked 
|  94|0x0000000618800000, 0x0000000618800000, 0x0000000618c00000|  0%| F|  |TAMS 0x0000000618800000, 0x0000000618800000| Untracked 
|  95|0x0000000618c00000, 0x0000000618c00000, 0x0000000619000000|  0%| F|  |TAMS 0x0000000618c00000, 0x0000000618c00000| Untracked 
|  96|0x0000000619000000, 0x0000000619000000, 0x0000000619400000|  0%| F|  |TAMS 0x0000000619000000, 0x0000000619000000| Untracked 
|  97|0x0000000619400000, 0x0000000619400000, 0x0000000619800000|  0%| F|  |TAMS 0x0000000619400000, 0x0000000619400000| Untracked 
|  98|0x0000000619800000, 0x0000000619800000, 0x0000000619c00000|  0%| F|  |TAMS 0x0000000619800000, 0x0000000619800000| Untracked 
|  99|0x0000000619c00000, 0x0000000619c00000, 0x000000061a000000|  0%| F|  |TAMS 0x0000000619c00000, 0x0000000619c00000| Untracked 
| 100|0x000000061a000000, 0x000000061a000000, 0x000000061a400000|  0%| F|  |TAMS 0x000000061a000000, 0x000000061a000000| Untracked 
| 101|0x000000061a400000, 0x000000061a400000, 0x000000061a800000|  0%| F|  |TAMS 0x000000061a400000, 0x000000061a400000| Untracked 
| 102|0x000000061a800000, 0x000000061a800000, 0x000000061ac00000|  0%| F|  |TAMS 0x000000061a800000, 0x000000061a800000| Untracked 
| 103|0x000000061ac00000, 0x000000061ac00000, 0x000000061b000000|  0%| F|  |TAMS 0x000000061ac00000, 0x000000061ac00000| Untracked 
| 104|0x000000061b000000, 0x000000061b000000, 0x000000061b400000|  0%| F|  |TAMS 0x000000061b000000, 0x000000061b000000| Untracked 
| 105|0x000000061b400000, 0x000000061b400000, 0x000000061b800000|  0%| F|  |TAMS 0x000000061b400000, 0x000000061b400000| Untracked 
| 106|0x000000061b800000, 0x000000061b800000, 0x000000061bc00000|  0%| F|  |TAMS 0x000000061b800000, 0x000000061b800000| Untracked 
| 107|0x000000061bc00000, 0x000000061bc00000, 0x000000061c000000|  0%| F|  |TAMS 0x000000061bc00000, 0x000000061bc00000| Untracked 
| 108|0x000000061c000000, 0x000000061c000000, 0x000000061c400000|  0%| F|  |TAMS 0x000000061c000000, 0x000000061c000000| Untracked 
| 109|0x000000061c400000, 0x000000061c400000, 0x000000061c800000|  0%| F|  |TAMS 0x000000061c400000, 0x000000061c400000| Untracked 
| 110|0x000000061c800000, 0x000000061c800000, 0x000000061cc00000|  0%| F|  |TAMS 0x000000061c800000, 0x000000061c800000| Untracked 
| 111|0x000000061cc00000, 0x000000061cc00000, 0x000000061d000000|  0%| F|  |TAMS 0x000000061cc00000, 0x000000061cc00000| Untracked 
| 112|0x000000061d000000, 0x000000061d000000, 0x000000061d400000|  0%| F|  |TAMS 0x000000061d000000, 0x000000061d000000| Untracked 
| 113|0x000000061d400000, 0x000000061d400000, 0x000000061d800000|  0%| F|  |TAMS 0x000000061d400000, 0x000000061d400000| Untracked 
| 114|0x000000061d800000, 0x000000061d800000, 0x000000061dc00000|  0%| F|  |TAMS 0x000000061d800000, 0x000000061d800000| Untracked 
| 115|0x000000061dc00000, 0x000000061dc00000, 0x000000061e000000|  0%| F|  |TAMS 0x000000061dc00000, 0x000000061dc00000| Untracked 
| 116|0x000000061e000000, 0x000000061e000000, 0x000000061e400000|  0%| F|  |TAMS 0x000000061e000000, 0x000000061e000000| Untracked 
| 117|0x000000061e400000, 0x000000061e400000, 0x000000061e800000|  0%| F|  |TAMS 0x000000061e400000, 0x000000061e400000| Untracked 
| 118|0x000000061e800000, 0x000000061e800000, 0x000000061ec00000|  0%| F|  |TAMS 0x000000061e800000, 0x000000061e800000| Untracked 
| 119|0x000000061ec00000, 0x000000061ec00000, 0x000000061f000000|  0%| F|  |TAMS 0x000000061ec00000, 0x000000061ec00000| Untracked 
| 120|0x000000061f000000, 0x000000061f000000, 0x000000061f400000|  0%| F|  |TAMS 0x000000061f000000, 0x000000061f000000| Untracked 
| 121|0x000000061f400000, 0x000000061f800000, 0x000000061f800000|100%| S|  |TAMS 0x000000061f400000, 0x000000061f400000| Complete 
| 122|0x000000061f800000, 0x000000061fc00000, 0x000000061fc00000|100%| E|CS|TAMS 0x000000061f800000, 0x000000061f800000| Complete 
| 123|0x000000061fc00000, 0x0000000620000000, 0x0000000620000000|100%| E|CS|TAMS 0x000000061fc00000, 0x000000061fc00000| Complete 
| 124|0x0000000620000000, 0x0000000620400000, 0x0000000620400000|100%| E|CS|TAMS 0x0000000620000000, 0x0000000620000000| Complete 
| 125|0x0000000620400000, 0x0000000620800000, 0x0000000620800000|100%| E|CS|TAMS 0x0000000620400000, 0x0000000620400000| Complete 
| 126|0x0000000620800000, 0x0000000620c00000, 0x0000000620c00000|100%| E|CS|TAMS 0x0000000620800000, 0x0000000620800000| Complete 
| 127|0x0000000620c00000, 0x0000000621000000, 0x0000000621000000|100%| E|CS|TAMS 0x0000000620c00000, 0x0000000620c00000| Complete 

Card table byte_map: [0x0000020b63de0000,0x0000020b64de0000] _byte_map_base: 0x0000020b60dd8000

Marking Bits (Prev, Next): (CMBitMap*) 0x0000020b4ff5e780, (CMBitMap*) 0x0000020b4ff5e7c0
 Prev Bits: [0x0000020b65de0000, 0x0000020b6dda0000)
 Next Bits: [0x0000020b6dda0000, 0x0000020b75d60000)

Polling page: 0x0000020b4de70000

Metaspace:

Usage:
  Non-class:     14.08 MB used.
      Class:      1.62 MB used.
       Both:     15.70 MB used.

Virtual space:
  Non-class space:       64.00 MB reserved,      14.19 MB ( 22%) committed,  1 nodes.
      Class space:        1.00 GB reserved,       1.75 MB ( <1%) committed,  1 nodes.
             Both:        1.06 GB reserved,      15.94 MB (  1%) committed. 

Chunk freelists:
   Non-Class:  992.00 KB
       Class:  14.16 MB
        Both:  15.12 MB

MaxMetaspaceSize: unlimited
CompressedClassSpaceSize: 1.00 GB
Initial GC threshold: 21.00 MB
Current GC threshold: 21.00 MB
CDS: off
MetaspaceReclaimPolicy: balanced
 - commit_granule_bytes: 65536.
 - commit_granule_words: 8192.
 - virtual_space_node_default_size: 8388608.
 - enlarge_chunks_in_place: 1.
 - new_chunks_are_fully_committed: 0.
 - uncommit_free_chunks: 1.
 - use_allocation_guard: 0.
 - handle_deallocations: 1.


Internal statistics:

num_allocs_failed_limit: 0.
num_arena_births: 90.
num_arena_deaths: 0.
num_vsnodes_births: 2.
num_vsnodes_deaths: 0.
num_space_committed: 255.
num_space_uncommitted: 0.
num_chunks_returned_to_freelist: 0.
num_chunks_taken_from_freelist: 257.
num_chunk_merges: 0.
num_chunk_splits: 159.
num_chunks_enlarged: 123.
num_inconsistent_stats: 0.

CodeHeap 'non-profiled nmethods': size=119168Kb used=440Kb max_used=440Kb free=118727Kb
 bounds [0x0000020b5b100000, 0x0000020b5b370000, 0x0000020b62560000]
CodeHeap 'profiled nmethods': size=119104Kb used=2482Kb max_used=2482Kb free=116621Kb
 bounds [0x0000020b53560000, 0x0000020b537d0000, 0x0000020b5a9b0000]
CodeHeap 'non-nmethods': size=7488Kb used=2894Kb max_used=2919Kb free=4593Kb
 bounds [0x0000020b5a9b0000, 0x0000020b5ac90000, 0x0000020b5b100000]
 total_blobs=1841 nmethods=1333 adapters=418
 compilation: enabled
              stopped_count=0, restarted_count=0
 full_count=0

Compilation events (20 events):
Event: 0.784 Thread 0x0000020b78fa5930 1326       3       java.util.HashMap::keySet (25 bytes)
Event: 0.784 Thread 0x0000020b78e3e170 1327       3       java.util.HashMap$KeySet::iterator (12 bytes)
Event: 0.784 Thread 0x0000020b75f04f70 nmethod 1325 0x0000020b537c9290 code [0x0000020b537c9440, 0x0000020b537c96d8]
Event: 0.784 Thread 0x0000020b75f04f70 1328       3       java.util.HashMap$KeyIterator::<init> (11 bytes)
Event: 0.784 Thread 0x0000020b78fa5930 nmethod 1326 0x0000020b537c9810 code [0x0000020b537c99c0, 0x0000020b537c9db8]
Event: 0.784 Thread 0x0000020b78fa5930 1329       3       java.util.HashMap$KeySet::<init> (10 bytes)
Event: 0.784 Thread 0x0000020b75f04f70 nmethod 1328 0x0000020b537c9f10 code [0x0000020b537ca0c0, 0x0000020b537ca248]
Event: 0.784 Thread 0x0000020b78e3e170 nmethod 1327 0x0000020b537ca310 code [0x0000020b537ca4c0, 0x0000020b537ca748]
Event: 0.784 Thread 0x0000020b78e3e170 1330       3       java.lang.Enum::equals (11 bytes)
Event: 0.784 Thread 0x0000020b79896ec0 nmethod 1324 0x0000020b537ca810 code [0x0000020b537caa00, 0x0000020b537cafd8]
Event: 0.784 Thread 0x0000020b75f04f70 1331       3       java.util.regex.Pattern$GroupHead::match (47 bytes)
Event: 0.784 Thread 0x0000020b78fa5930 nmethod 1329 0x0000020b537cb210 code [0x0000020b537cb3c0, 0x0000020b537cb658]
Event: 0.784 Thread 0x0000020b78e3e170 nmethod 1330 0x0000020b537cb790 code [0x0000020b537cb920, 0x0000020b537cba98]
Event: 0.784 Thread 0x0000020b75f04f70 nmethod 1331 0x0000020b537cbb10 code [0x0000020b537cbcc0, 0x0000020b537cbf28]
Event: 0.784 Thread 0x0000020b78e3e170 1332       3       java.util.regex.Matcher::search (154 bytes)
Event: 0.784 Thread 0x0000020b75f04f70 1333       1       java.lang.Boolean::booleanValue (5 bytes)
Event: 0.784 Thread 0x0000020b78e3d6d0 nmethod 1300 0x0000020b5b16cf10 code [0x0000020b5b16d100, 0x0000020b5b16da90]
Event: 0.784 Thread 0x0000020b75f04f70 nmethod 1333 0x0000020b5b16e090 code [0x0000020b5b16e220, 0x0000020b5b16e2f8]
Event: 0.784 Thread 0x0000020b78e3e170 nmethod 1332 0x0000020b537cc110 code [0x0000020b537cc2e0, 0x0000020b537cc898]
Event: 0.784 Thread 0x0000020b78e3e170 1334   !   3       java.util.concurrent.ConcurrentHashMap::transfer (849 bytes)

GC Heap History (1 events):
Event: 0.784 GC heap before
{Heap before GC invocations=0 (full 0):
 garbage-first heap   total 524288K, used 24576K [0x0000000601000000, 0x0000000800000000)
  region size 4096K, 6 young (24576K), 0 survivors (0K)
 Metaspace       used 16072K, committed 16320K, reserved 1114112K
  class space    used 1657K, committed 1792K, reserved 1048576K
}

Dll operation events (9 events):
Event: 0.004 Loaded shared library C:\Users\Mike La\Desktop\AUTOMATION\eclipse\plugins\org.eclipse.justj.openjdk.hotspot.jre.full.win32.x86_64_17.0.7.v20230425-1502\jre\bin\java.dll
Event: 0.087 Loaded shared library C:\Users\Mike La\Desktop\AUTOMATION\eclipse\plugins\org.eclipse.justj.openjdk.hotspot.jre.full.win32.x86_64_17.0.7.v20230425-1502\jre\bin\net.dll
Event: 0.088 Loaded shared library C:\Users\Mike La\Desktop\AUTOMATION\eclipse\plugins\org.eclipse.justj.openjdk.hotspot.jre.full.win32.x86_64_17.0.7.v20230425-1502\jre\bin\nio.dll
Event: 0.092 Loaded shared library C:\Users\Mike La\Desktop\AUTOMATION\eclipse\plugins\org.eclipse.justj.openjdk.hotspot.jre.full.win32.x86_64_17.0.7.v20230425-1502\jre\bin\zip.dll
Event: 0.142 Loaded shared library C:\Users\Mike La\Desktop\AUTOMATION\eclipse\plugins\org.eclipse.justj.openjdk.hotspot.jre.full.win32.x86_64_17.0.7.v20230425-1502\jre\bin\jimage.dll
Event: 0.686 Loaded shared library C:\Users\Mike La\Desktop\AUTOMATION\eclipse\plugins\org.eclipse.justj.openjdk.hotspot.jre.full.win32.x86_64_17.0.7.v20230425-1502\jre\bin\verify.dll
Event: 0.717 Loaded shared library C:\Users\Mike La\Desktop\AUTOMATION\eclipse\plugins\org.eclipse.justj.openjdk.hotspot.jre.full.win32.x86_64_17.0.7.v20230425-1502\jre\bin\management.dll
Event: 0.719 Loaded shared library C:\Users\Mike La\Desktop\AUTOMATION\eclipse\plugins\org.eclipse.justj.openjdk.hotspot.jre.full.win32.x86_64_17.0.7.v20230425-1502\jre\bin\management_ext.dll
Event: 0.751 Loaded shared library C:\Users\Mike La\Desktop\AUTOMATION\eclipse\plugins\org.eclipse.justj.openjdk.hotspot.jre.full.win32.x86_64_17.0.7.v20230425-1502\jre\bin\sunmscapi.dll

Deoptimization events (20 events):
Event: 0.748 Thread 0x0000020b4fead890 Uncommon trap: trap_request=0xffffff45 fr.pc=0x0000020b5b13e3f4 relative=0x0000000000000074
Event: 0.748 Thread 0x0000020b4fead890 Uncommon trap: reason=unstable_if action=reinterpret pc=0x0000020b5b13e3f4 method=jdk.internal.misc.Unsafe.convEndian(ZI)I @ 4 c2
Event: 0.748 Thread 0x0000020b4fead890 DEOPT PACKING pc=0x0000020b5b13e3f4 sp=0x00000043e6bfc960
Event: 0.748 Thread 0x0000020b4fead890 DEOPT UNPACKING pc=0x0000020b5aa069a3 sp=0x00000043e6bfc890 mode 2
Event: 0.754 Thread 0x0000020b4fead890 Uncommon trap: trap_request=0xffffffc6 fr.pc=0x0000020b5b15bd00 relative=0x0000000000000440
Event: 0.754 Thread 0x0000020b4fead890 Uncommon trap: reason=bimorphic_or_optimized_type_check action=maybe_recompile pc=0x0000020b5b15bd00 method=java.util.HashMap.getNode(Ljava/lang/Object;)Ljava/util/HashMap$Node; @ 128 c2
Event: 0.754 Thread 0x0000020b4fead890 DEOPT PACKING pc=0x0000020b5b15bd00 sp=0x00000043e6bfb800
Event: 0.754 Thread 0x0000020b4fead890 DEOPT UNPACKING pc=0x0000020b5aa069a3 sp=0x00000043e6bfb778 mode 2
Event: 0.754 Thread 0x0000020b4fead890 Uncommon trap: trap_request=0xffffffc6 fr.pc=0x0000020b5b15bd00 relative=0x0000000000000440
Event: 0.754 Thread 0x0000020b4fead890 Uncommon trap: reason=bimorphic_or_optimized_type_check action=maybe_recompile pc=0x0000020b5b15bd00 method=java.util.HashMap.getNode(Ljava/lang/Object;)Ljava/util/HashMap$Node; @ 128 c2
Event: 0.754 Thread 0x0000020b4fead890 DEOPT PACKING pc=0x0000020b5b15bd00 sp=0x00000043e6bfb800
Event: 0.754 Thread 0x0000020b4fead890 DEOPT UNPACKING pc=0x0000020b5aa069a3 sp=0x00000043e6bfb778 mode 2
Event: 0.754 Thread 0x0000020b4fead890 Uncommon trap: trap_request=0xffffffc6 fr.pc=0x0000020b5b15bd00 relative=0x0000000000000440
Event: 0.754 Thread 0x0000020b4fead890 Uncommon trap: reason=bimorphic_or_optimized_type_check action=maybe_recompile pc=0x0000020b5b15bd00 method=java.util.HashMap.getNode(Ljava/lang/Object;)Ljava/util/HashMap$Node; @ 128 c2
Event: 0.754 Thread 0x0000020b4fead890 DEOPT PACKING pc=0x0000020b5b15bd00 sp=0x00000043e6bfb800
Event: 0.754 Thread 0x0000020b4fead890 DEOPT UNPACKING pc=0x0000020b5aa069a3 sp=0x00000043e6bfb778 mode 2
Event: 0.754 Thread 0x0000020b4fead890 Uncommon trap: trap_request=0xffffffc6 fr.pc=0x0000020b5b15bd00 relative=0x0000000000000440
Event: 0.754 Thread 0x0000020b4fead890 Uncommon trap: reason=bimorphic_or_optimized_type_check action=maybe_recompile pc=0x0000020b5b15bd00 method=java.util.HashMap.getNode(Ljava/lang/Object;)Ljava/util/HashMap$Node; @ 128 c2
Event: 0.754 Thread 0x0000020b4fead890 DEOPT PACKING pc=0x0000020b5b15bd00 sp=0x00000043e6bfb800
Event: 0.754 Thread 0x0000020b4fead890 DEOPT UNPACKING pc=0x0000020b5aa069a3 sp=0x00000043e6bfb778 mode 2

Classes unloaded (0 events):
No events

Classes redefined (0 events):
No events

Internal exceptions (20 events):
Event: 0.360 Thread 0x0000020b4fead890 Exception <a 'java/lang/NoSuchMethodError'{0x00000006207dcd78}: 'java.lang.Object java.lang.invoke.DirectMethodHandle$Holder.invokeStaticInit(java.lang.Object, java.lang.Object, long, java.lang.Object)'> (0x00000006207dcd78) 
thrown [s\src\hotspot\share\interpreter\linkResolver.cpp, line 759]
Event: 0.360 Thread 0x0000020b4fead890 Exception <a 'java/lang/NoSuchMethodError'{0x00000006207e2df0}: 'java.lang.Object java.lang.invoke.DirectMethodHandle$Holder.newInvokeSpecial(java.lang.Object, java.lang.Object, long)'> (0x00000006207e2df0) 
thrown [s\src\hotspot\share\interpreter\linkResolver.cpp, line 759]
Event: 0.361 Thread 0x0000020b4fead890 Exception <a 'java/lang/NoSuchMethodError'{0x00000006207e6960}: 'java.lang.Object java.lang.invoke.Invokers$Holder.linkToTargetMethod(java.lang.Object, long, java.lang.Object)'> (0x00000006207e6960) 
thrown [s\src\hotspot\share\interpreter\linkResolver.cpp, line 759]
Event: 0.628 Thread 0x0000020b4fead890 Exception <a 'java/lang/NoSuchMethodError'{0x0000000620043620}: 'java.lang.Object java.lang.invoke.DirectMethodHandle$Holder.invokeSpecialIFC(java.lang.Object, java.lang.Object, java.lang.Object, java.lang.Object)'> (0x0000000620043620) 
thrown [s\src\hotspot\share\interpreter\linkResolver.cpp, line 759]
Event: 0.629 Thread 0x0000020b4fead890 Exception <a 'java/lang/NoSuchMethodError'{0x00000006200533b0}: 'int java.lang.invoke.DirectMethodHandle$Holder.invokeVirtual(java.lang.Object, java.lang.Object)'> (0x00000006200533b0) 
thrown [s\src\hotspot\share\interpreter\linkResolver.cpp, line 759]
Event: 0.630 Thread 0x0000020b4fead890 Exception <a 'java/lang/NoSuchMethodError'{0x0000000620059bb0}: 'double java.lang.invoke.DirectMethodHandle$Holder.invokeVirtual(java.lang.Object, java.lang.Object)'> (0x0000000620059bb0) 
thrown [s\src\hotspot\share\interpreter\linkResolver.cpp, line 759]
Event: 0.630 Thread 0x0000020b4fead890 Exception <a 'java/lang/NoSuchMethodError'{0x00000006200600b0}: 'float java.lang.invoke.DirectMethodHandle$Holder.invokeVirtual(java.lang.Object, java.lang.Object)'> (0x00000006200600b0) 
thrown [s\src\hotspot\share\interpreter\linkResolver.cpp, line 759]
Event: 0.631 Thread 0x0000020b4fead890 Exception <a 'java/lang/NoSuchMethodError'{0x0000000620068d90}: 'long java.lang.invoke.DirectMethodHandle$Holder.invokeVirtual(java.lang.Object, java.lang.Object)'> (0x0000000620068d90) 
thrown [s\src\hotspot\share\interpreter\linkResolver.cpp, line 759]
Event: 0.633 Thread 0x0000020b4fead890 Exception <a 'java/lang/NoSuchMethodError'{0x00000006200998b0}: 'void java.lang.invoke.DirectMethodHandle$Holder.invokeStatic(java.lang.Object, java.lang.Object, java.lang.Object)'> (0x00000006200998b0) 
thrown [s\src\hotspot\share\interpreter\linkResolver.cpp, line 759]
Event: 0.633 Thread 0x0000020b4fead890 Exception <a 'java/lang/NoSuchMethodError'{0x000000062009fc38}: 'java.lang.Object java.lang.invoke.DirectMethodHandle$Holder.invokeVirtual(java.lang.Object, java.lang.Object, java.lang.Object)'> (0x000000062009fc38) 
thrown [s\src\hotspot\share\interpreter\linkResolver.cpp, line 759]
Event: 0.643 Thread 0x0000020b4fead890 Exception <a 'java/lang/NoSuchMethodError'{0x0000000620134400}: 'void java.lang.invoke.DirectMethodHandle$Holder.invokeStatic(java.lang.Object, java.lang.Object, java.lang.Object, java.lang.Object)'> (0x0000000620134400) 
thrown [s\src\hotspot\share\interpreter\linkResolver.cpp, line 759]
Event: 0.687 Thread 0x0000020b4fead890 Exception <a 'java/lang/NoClassDefFoundError'{0x000000061fd1e340}: org/slf4j/impl/StaticLoggerBinder> (0x000000061fd1e340) 
thrown [s\src\hotspot\share\classfile\systemDictionary.cpp, line 245]
Event: 0.693 Thread 0x0000020b4fead890 Exception <a 'java/lang/NoClassDefFoundError'{0x000000061fd96610}> (0x000000061fd96610) 
thrown [s\src\hotspot\share\oops\instanceKlass.cpp, line 1218]
Event: 0.694 Thread 0x0000020b4fead890 Exception <a 'java/lang/NoClassDefFoundError'{0x000000061fda5238}: org/apache/logging/log4j/spi/ExtendedLoggerWrapper> (0x000000061fda5238) 
thrown [s\src\hotspot\share\classfile\systemDictionary.cpp, line 245]
Event: 0.694 Thread 0x0000020b4fead890 Exception <a 'java/lang/NoClassDefFoundError'{0x000000061fdb31b0}: org/apache/log4j/Priority> (0x000000061fdb31b0) 
thrown [s\src\hotspot\share\classfile\systemDictionary.cpp, line 245]
Event: 0.722 Thread 0x0000020b4fead890 Exception <a 'java/lang/NoSuchMethodError'{0x000000061ffb3770}: 'int java.lang.invoke.DirectMethodHandle$Holder.invokeSpecial(java.lang.Object, java.lang.Object, java.lang.Object)'> (0x000000061ffb3770) 
thrown [s\src\hotspot\share\interpreter\linkResolver.cpp, line 759]
Event: 0.764 Thread 0x0000020b4fead890 Exception <a 'sun/nio/fs/WindowsException'{0x000000061fb18dc0}> (0x000000061fb18dc0) 
thrown [s\src\hotspot\share\prims\jni.cpp, line 516]
Event: 0.768 Thread 0x0000020b4fead890 Exception <a 'java/lang/NoSuchMethodError'{0x000000061fb38788}: 'int java.lang.invoke.DirectMethodHandle$Holder.invokeStaticInit(java.lang.Object, java.lang.Object, java.lang.Object, java.lang.Object)'> (0x000000061fb38788) 
thrown [s\src\hotspot\share\interpreter\linkResolver.cpp, line 759]
Event: 0.768 Thread 0x0000020b4fead890 Exception <a 'java/lang/NoSuchMethodError'{0x000000061fb41c78}: 'java.lang.Object java.lang.invoke.DirectMethodHandle$Holder.invokeInterface(java.lang.Object, java.lang.Object)'> (0x000000061fb41c78) 
thrown [s\src\hotspot\share\interpreter\linkResolver.cpp, line 759]
Event: 0.768 Thread 0x0000020b4fead890 Exception <a 'java/lang/IncompatibleClassChangeError'{0x000000061fb45470}: Found class java.lang.Object, but interface was expected> (0x000000061fb45470) 
thrown [s\src\hotspot\share\interpreter\linkResolver.cpp, line 826]

VM Operations (19 events):
Event: 0.092 Executing VM operation: HandshakeAllThreads
Event: 0.092 Executing VM operation: HandshakeAllThreads done
Event: 0.179 Executing VM operation: HandshakeAllThreads
Event: 0.179 Executing VM operation: HandshakeAllThreads done
Event: 0.243 Executing VM operation: HandshakeAllThreads
Event: 0.243 Executing VM operation: HandshakeAllThreads done
Event: 0.245 Executing VM operation: HandshakeAllThreads
Event: 0.245 Executing VM operation: HandshakeAllThreads done
Event: 0.691 Executing VM operation: HandshakeAllThreads
Event: 0.691 Executing VM operation: HandshakeAllThreads done
Event: 0.698 Executing VM operation: HandshakeAllThreads
Event: 0.698 Executing VM operation: HandshakeAllThreads done
Event: 0.753 Executing VM operation: HandshakeAllThreads
Event: 0.753 Executing VM operation: HandshakeAllThreads done
Event: 0.764 Executing VM operation: HandshakeAllThreads
Event: 0.764 Executing VM operation: HandshakeAllThreads done
Event: 0.770 Executing VM operation: ICBufferFull
Event: 0.771 Executing VM operation: ICBufferFull done
Event: 0.784 Executing VM operation: G1CollectForAllocation

Events (20 events):
Event: 0.782 loading class java/security/KeyPairGeneratorSpi done
Event: 0.782 loading class java/security/KeyPairGenerator done
Event: 0.782 loading class java/security/spec/InvalidParameterSpecException
Event: 0.782 loading class java/security/spec/InvalidParameterSpecException done
Event: 0.782 loading class sun/security/util/ECUtil
Event: 0.782 loading class sun/security/util/ECUtil done
Event: 0.782 loading class java/security/AlgorithmParameters
Event: 0.782 loading class java/security/AlgorithmParameters done
Event: 0.782 loading class java/security/AlgorithmParametersSpi
Event: 0.782 loading class java/security/AlgorithmParametersSpi done
Event: 0.782 loading class sun/security/util/ECParameters
Event: 0.782 loading class sun/security/util/ECParameters done
Event: 0.782 loading class sun/security/util/ECKeySizeParameterSpec
Event: 0.782 loading class sun/security/util/ECKeySizeParameterSpec done
Event: 0.782 loading class java/security/spec/ECGenParameterSpec
Event: 0.782 loading class java/security/spec/NamedParameterSpec
Event: 0.782 loading class java/security/spec/NamedParameterSpec done
Event: 0.782 loading class java/security/spec/ECGenParameterSpec done
Event: 0.782 loading class java/security/KeyPairGenerator$Delegate
Event: 0.782 loading class java/security/KeyPairGenerator$Delegate done


Dynamic libraries:
0x00007ff76f910000 - 0x00007ff76f91e000 	C:\Users\Mike La\Desktop\AUTOMATION\eclipse\plugins\org.eclipse.justj.openjdk.hotspot.jre.full.win32.x86_64_17.0.7.v20230425-1502\jre\bin\javaw.exe
0x00007ffafb350000 - 0x00007ffafb548000 	C:\WINDOWS\SYSTEM32\ntdll.dll
0x00007ffacc6c0000 - 0x00007ffacc6d9000 	C:\Program Files\AVAST Software\Avast\aswhook.dll
0x00007ffaf9510000 - 0x00007ffaf95cf000 	C:\WINDOWS\System32\KERNEL32.DLL
0x00007ffaf8bc0000 - 0x00007ffaf8eb6000 	C:\WINDOWS\System32\KERNELBASE.dll
0x00007ffaf8ec0000 - 0x00007ffaf8fc0000 	C:\WINDOWS\System32\ucrtbase.dll
0x00007ffaf6010000 - 0x00007ffaf6029000 	C:\Users\Mike La\Desktop\AUTOMATION\eclipse\plugins\org.eclipse.justj.openjdk.hotspot.jre.full.win32.x86_64_17.0.7.v20230425-1502\jre\bin\VCRUNTIME140.dll
0x00007ffaf5ff0000 - 0x00007ffaf6007000 	C:\Users\Mike La\Desktop\AUTOMATION\eclipse\plugins\org.eclipse.justj.openjdk.hotspot.jre.full.win32.x86_64_17.0.7.v20230425-1502\jre\bin\jli.dll
0x00007ffafa020000 - 0x00007ffafa1bd000 	C:\WINDOWS\System32\USER32.dll
0x00007ffaf8a30000 - 0x00007ffaf8a52000 	C:\WINDOWS\System32\win32u.dll
0x00007ffaebb10000 - 0x00007ffaebdaa000 	C:\WINDOWS\WinSxS\amd64_microsoft.windows.common-controls_6595b64144ccf1df_6.0.19041.1110_none_60b5254171f9507e\COMCTL32.dll
0x00007ffafac50000 - 0x00007ffafac7c000 	C:\WINDOWS\System32\GDI32.dll
0x00007ffaf9f50000 - 0x00007ffaf9fee000 	C:\WINDOWS\System32\msvcrt.dll
0x00007ffaf8fc0000 - 0x00007ffaf90d5000 	C:\WINDOWS\System32\gdi32full.dll
0x00007ffaf9130000 - 0x00007ffaf91cd000 	C:\WINDOWS\System32\msvcp_win.dll
0x00007ffaf9ff0000 - 0x00007ffafa020000 	C:\WINDOWS\System32\IMM32.DLL
0x00007ffaf5fe0000 - 0x00007ffaf5fec000 	C:\Users\Mike La\Desktop\AUTOMATION\eclipse\plugins\org.eclipse.justj.openjdk.hotspot.jre.full.win32.x86_64_17.0.7.v20230425-1502\jre\bin\vcruntime140_1.dll
0x00007ffad8600000 - 0x00007ffad8691000 	C:\Users\Mike La\Desktop\AUTOMATION\eclipse\plugins\org.eclipse.justj.openjdk.hotspot.jre.full.win32.x86_64_17.0.7.v20230425-1502\jre\bin\msvcp140.dll
0x00007ffa370a0000 - 0x00007ffa37ce8000 	C:\Users\Mike La\Desktop\AUTOMATION\eclipse\plugins\org.eclipse.justj.openjdk.hotspot.jre.full.win32.x86_64_17.0.7.v20230425-1502\jre\bin\server\jvm.dll
0x00007ffafa940000 - 0x00007ffafa9ef000 	C:\WINDOWS\System32\ADVAPI32.dll
0x00007ffaf95d0000 - 0x00007ffaf966c000 	C:\WINDOWS\System32\sechost.dll
0x00007ffaf9670000 - 0x00007ffaf9796000 	C:\WINDOWS\System32\RPCRT4.dll
0x00007ffae8a40000 - 0x00007ffae8a49000 	C:\WINDOWS\SYSTEM32\WSOCK32.dll
0x00007ffae5ed0000 - 0x00007ffae5ef7000 	C:\WINDOWS\SYSTEM32\WINMM.dll
0x00007ffafa270000 - 0x00007ffafa2db000 	C:\WINDOWS\System32\WS2_32.dll
0x00007ffaf21d0000 - 0x00007ffaf21da000 	C:\WINDOWS\SYSTEM32\VERSION.dll
0x00007ffaf6900000 - 0x00007ffaf6912000 	C:\WINDOWS\SYSTEM32\kernel.appcore.dll
0x00007ffaf60d0000 - 0x00007ffaf60da000 	C:\Users\Mike La\Desktop\AUTOMATION\eclipse\plugins\org.eclipse.justj.openjdk.hotspot.jre.full.win32.x86_64_17.0.7.v20230425-1502\jre\bin\jimage.dll
0x00007ffaef880000 - 0x00007ffaefa64000 	C:\WINDOWS\SYSTEM32\DBGHELP.DLL
0x00007ffaef7f0000 - 0x00007ffaef824000 	C:\WINDOWS\SYSTEM32\dbgcore.DLL
0x00007ffaf91d0000 - 0x00007ffaf9252000 	C:\WINDOWS\System32\bcryptPrimitives.dll
0x00007ffadce90000 - 0x00007ffadceb5000 	C:\Users\Mike La\Desktop\AUTOMATION\eclipse\plugins\org.eclipse.justj.openjdk.hotspot.jre.full.win32.x86_64_17.0.7.v20230425-1502\jre\bin\java.dll
0x00007ffaf3480000 - 0x00007ffaf3498000 	C:\Users\Mike La\Desktop\AUTOMATION\eclipse\plugins\org.eclipse.justj.openjdk.hotspot.jre.full.win32.x86_64_17.0.7.v20230425-1502\jre\bin\zip.dll
0x00007ffaf9800000 - 0x00007ffaf9f44000 	C:\WINDOWS\System32\SHELL32.dll
0x00007ffaf6b00000 - 0x00007ffaf7293000 	C:\WINDOWS\SYSTEM32\windows.storage.dll
0x00007ffafa2e0000 - 0x00007ffafa634000 	C:\WINDOWS\System32\combase.dll
0x00007ffaf8480000 - 0x00007ffaf84ae000 	C:\WINDOWS\SYSTEM32\Wldp.dll
0x00007ffafa1c0000 - 0x00007ffafa26d000 	C:\WINDOWS\System32\SHCORE.dll
0x00007ffafaa10000 - 0x00007ffafaa65000 	C:\WINDOWS\System32\shlwapi.dll
0x00007ffaf8970000 - 0x00007ffaf898f000 	C:\WINDOWS\SYSTEM32\profapi.dll
0x00007ffadd670000 - 0x00007ffadd689000 	C:\Users\Mike La\Desktop\AUTOMATION\eclipse\plugins\org.eclipse.justj.openjdk.hotspot.jre.full.win32.x86_64_17.0.7.v20230425-1502\jre\bin\net.dll
0x00007ffaf0ac0000 - 0x00007ffaf0bca000 	C:\WINDOWS\SYSTEM32\WINHTTP.dll
0x00007ffaf81e0000 - 0x00007ffaf824a000 	C:\WINDOWS\system32\mswsock.dll
0x00007ffadd020000 - 0x00007ffadd035000 	C:\Users\Mike La\Desktop\AUTOMATION\eclipse\plugins\org.eclipse.justj.openjdk.hotspot.jre.full.win32.x86_64_17.0.7.v20230425-1502\jre\bin\nio.dll
0x00007ffaf7ec0000 - 0x00007ffaf7f8a000 	C:\WINDOWS\SYSTEM32\DNSAPI.dll
0x00007ffaf7e80000 - 0x00007ffaf7ebc000 	C:\WINDOWS\SYSTEM32\IPHLPAPI.DLL
0x00007ffafada0000 - 0x00007ffafada8000 	C:\WINDOWS\System32\NSI.dll
0x00007ffaefa80000 - 0x00007ffaefa8a000 	C:\Windows\System32\rasadhlp.dll
0x00007ffaeeb60000 - 0x00007ffaeebe2000 	C:\WINDOWS\System32\fwpuclnt.dll
0x00007ffaf9260000 - 0x00007ffaf9287000 	C:\WINDOWS\System32\bcrypt.dll
0x00007ffaf83d0000 - 0x00007ffaf83e8000 	C:\WINDOWS\SYSTEM32\CRYPTSP.dll
0x00007ffaf7a90000 - 0x00007ffaf7ac4000 	C:\WINDOWS\system32\rsaenh.dll
0x00007ffaf8930000 - 0x00007ffaf895e000 	C:\WINDOWS\SYSTEM32\USERENV.dll
0x00007ffaf83f0000 - 0x00007ffaf83fc000 	C:\WINDOWS\SYSTEM32\CRYPTBASE.dll
0x00007ffaf2470000 - 0x00007ffaf2487000 	C:\WINDOWS\SYSTEM32\dhcpcsvc6.DLL
0x00007ffaf2450000 - 0x00007ffaf246d000 	C:\WINDOWS\SYSTEM32\dhcpcsvc.DLL
0x00007ffaf6240000 - 0x00007ffaf62d1000 	C:\WINDOWS\system32\apphelp.dll
0x00007ffaf3820000 - 0x00007ffaf3830000 	C:\Users\Mike La\Desktop\AUTOMATION\eclipse\plugins\org.eclipse.justj.openjdk.hotspot.jre.full.win32.x86_64_17.0.7.v20230425-1502\jre\bin\verify.dll
0x00007ffaf33c0000 - 0x00007ffaf33c9000 	C:\Users\Mike La\Desktop\AUTOMATION\eclipse\plugins\org.eclipse.justj.openjdk.hotspot.jre.full.win32.x86_64_17.0.7.v20230425-1502\jre\bin\management.dll
0x00007ffaf22c0000 - 0x00007ffaf22cb000 	C:\Users\Mike La\Desktop\AUTOMATION\eclipse\plugins\org.eclipse.justj.openjdk.hotspot.jre.full.win32.x86_64_17.0.7.v20230425-1502\jre\bin\management_ext.dll
0x00007ffaf9500000 - 0x00007ffaf9508000 	C:\WINDOWS\System32\PSAPI.DLL
0x00007ffaf34d0000 - 0x00007ffaf34de000 	C:\Users\Mike La\Desktop\AUTOMATION\eclipse\plugins\org.eclipse.justj.openjdk.hotspot.jre.full.win32.x86_64_17.0.7.v20230425-1502\jre\bin\sunmscapi.dll
0x00007ffaf8a60000 - 0x00007ffaf8bbe000 	C:\WINDOWS\System32\CRYPT32.dll
0x00007ffaf84f0000 - 0x00007ffaf8518000 	C:\WINDOWS\SYSTEM32\ncrypt.dll
0x00007ffaf84b0000 - 0x00007ffaf84eb000 	C:\WINDOWS\SYSTEM32\NTASN1.dll

dbghelp: loaded successfully - version: 4.0.5 - missing functions: none
symbol engine: initialized successfully - sym options: 0x614 - pdb path: .;C:\Users\Mike La\Desktop\AUTOMATION\eclipse\plugins\org.eclipse.justj.openjdk.hotspot.jre.full.win32.x86_64_17.0.7.v20230425-1502\jre\bin;C:\WINDOWS\SYSTEM32;C:\Program Files\AVAST Software\Avast;C:\WINDOWS\WinSxS\amd64_microsoft.windows.common-controls_6595b64144ccf1df_6.0.19041.1110_none_60b5254171f9507e;C:\Users\Mike La\Desktop\AUTOMATION\eclipse\plugins\org.eclipse.justj.openjdk.hotspot.jre.full.win32.x86_64_17.0.7.v20230425-1502\jre\bin\server

VM Arguments:
jvm_args: -Dfile.encoding=UTF-8 -XX:+ShowCodeDetailsInExceptionMessages 
java_command: com.automationcode.day3.Locators_In_Selenium
java_class_path (initial): C:\Users\Mike La\workplace\Mikes_Batch_JULY_12th\target\test-classes;C:\Users\Mike La\workplace\Mikes_Batch_JULY_12th\target\classes;C:\Users\Mike La\.m2\repository\org\seleniumhq\selenium\selenium-java\4.10.0\selenium-java-4.10.0.jar;C:\Users\Mike La\.m2\repository\org\seleniumhq\selenium\selenium-api\4.10.0\selenium-api-4.10.0.jar;C:\Users\Mike La\.m2\repository\org\seleniumhq\selenium\selenium-chrome-driver\4.10.0\selenium-chrome-driver-4.10.0.jar;C:\Users\Mike La\.m2\repository\com\google\auto\service\auto-service-annotations\1.0.1\auto-service-annotations-1.0.1.jar;C:\Users\Mike La\.m2\repository\com\google\auto\service\auto-service\1.0.1\auto-service-1.0.1.jar;C:\Users\Mike La\.m2\repository\com\google\auto\auto-common\1.2\auto-common-1.2.jar;C:\Users\Mike La\.m2\repository\com\google\guava\guava\31.1-jre\guava-31.1-jre.jar;C:\Users\Mike La\.m2\repository\com\google\guava\failureaccess\1.0.1\failureaccess-1.0.1.jar;C:\Users\Mike La\.m2\repository\com\google\guava\listenablefuture\9999.0-empty-to-avoid-conflict-with-guava\listenablefuture-9999.0-empty-to-avoid-conflict-with-guava.jar;C:\Users\Mike La\.m2\repository\com\google\code\findbugs\jsr305\3.0.2\jsr305-3.0.2.jar;C:\Users\Mike La\.m2\repository\org\checkerframework\checker-qual\3.12.0\checker-qual-3.12.0.jar;C:\Users\Mike La\.m2\repository\com\google\errorprone\error_prone_annotations\2.11.0\error_prone_annotations-2.11.0.jar;C:\Users\Mike La\.m2\repository\com\google\j2objc\j2objc-annotations\1.3\j2objc-annotations-1.3.jar;C:\Users\Mike La\.m2\repository\org\seleniumhq\selenium\selenium-chromium-driver\4.10.0\selenium-chromium-driver-4.10.0.jar;C:\Users\Mike La\.m2\repository\org\seleniumhq\selenium\selenium-json\4.10.0\selenium-json-4.10.0.jar;C:\Users\Mike La\.m2\repository\org\seleniumhq\selenium\selenium-manager\4.10.0\selenium-manager-4.10.0.jar;C:\Users\Mike La\.m2\repository\org\seleniumhq\selenium\selenium-devtools-v112\4.10.0\selenium-devtools-v112-4.10.0.jar;C:\User
Launcher Type: SUN_STANDARD

[Global flags]
     intx CICompilerCount                          = 12                                        {product} {ergonomic}
     uint ConcGCThreads                            = 3                                         {product} {ergonomic}
     uint G1ConcRefinementThreads                  = 13                                        {product} {ergonomic}
   size_t G1HeapRegionSize                         = 4194304                                   {product} {ergonomic}
    uintx GCDrainStackTargetSize                   = 64                                        {product} {ergonomic}
   size_t InitialHeapSize                          = 536870912                                 {product} {ergonomic}
   size_t MarkStackSize                            = 4194304                                   {product} {ergonomic}
   size_t MaxHeapSize                              = 8573157376                                {product} {ergonomic}
   size_t MaxNewSize                               = 5142216704                                {product} {ergonomic}
   size_t MinHeapDeltaBytes                        = 4194304                                   {product} {ergonomic}
   size_t MinHeapSize                              = 8388608                                   {product} {ergonomic}
    uintx NonNMethodCodeHeapSize                   = 7602480                                {pd product} {ergonomic}
    uintx NonProfiledCodeHeapSize                  = 122027880                              {pd product} {ergonomic}
    uintx ProfiledCodeHeapSize                     = 122027880                              {pd product} {ergonomic}
    uintx ReservedCodeCacheSize                    = 251658240                              {pd product} {ergonomic}
     bool SegmentedCodeCache                       = true                                      {product} {ergonomic}
     bool ShowCodeDetailsInExceptionMessages       = true                                   {manageable} {command line}
   size_t SoftMaxHeapSize                          = 8573157376                             {manageable} {ergonomic}
     bool UseCompressedClassPointers               = true                           {product lp64_product} {ergonomic}
     bool UseCompressedOops                        = true                           {product lp64_product} {ergonomic}
     bool UseG1GC                                  = true                                      {product} {ergonomic}
     bool UseLargePagesIndividualAllocation        = false                                  {pd product} {ergonomic}

Logging:
Log output configuration:
 #0: stdout all=warning uptime,level,tags
 #1: stderr all=off uptime,level,tags

Environment Variables:
JAVA_HOME=C:\Program Files\Java\jdk-17
PATH=C:/Users/Mike La/Desktop/AUTOMATION/eclipse//plugins/org.eclipse.justj.openjdk.hotspot.jre.full.win32.x86_64_17.0.7.v20230425-1502/jre/bin/server;C:/Users/Mike La/Desktop/AUTOMATION/eclipse//plugins/org.eclipse.justj.openjdk.hotspot.jre.full.win32.x86_64_17.0.7.v20230425-1502/jre/bin;C:\Program Files (x86)\Common Files\Oracle\Java\javapath;C:\Program Files\Oculus\Support\oculus-runtime;C:\Windows\system32;C:\Windows;C:\Windows\System32\Wbem;C:\Windows\System32\WindowsPowerShell\v1.0\;C:\Windows\System32\OpenSSH\;C:\Program Files (x86)\NVIDIA Corporation\PhysX\Common;C:\WINDOWS\system32;C:\WINDOWS;C:\WINDOWS\System32\Wbem;C:\WINDOWS\System32\WindowsPowerShell\v1.0\;C:\WINDOWS\System32\OpenSSH\;C:\Program Files\Git\cmd;C:\Program Files\Git\bin;C:\Program Files\MySQL\MySQL Shell 8.0\bin\;C:\Users\Mike La\AppData\Local\Microsoft\WindowsApps;V:\Microsoft VS Code\bin;C:\Program Files\Java\jdk-17\bin;C:\Users\Mike La\Desktop\AUTOMATION\apache-maven-3.9.3\bin;C:\Program Files\MySQL\MySQL Shell 8.0\bin\;C:\Users\Mike La\AppData\Local\Microsoft\WindowsApps;V:\Microsoft VS Code\bin;;C:\Users\Mike La\Desktop\AUTOMATION\eclipse;
USERNAME=Mike La
OS=Windows_NT
PROCESSOR_IDENTIFIER=AMD64 Family 25 Model 33 Stepping 0, AuthenticAMD
TMP=C:\Users\MIKELA~1\AppData\Local\Temp
TEMP=C:\Users\MIKELA~1\AppData\Local\Temp



---------------  S Y S T E M  ---------------

OS:
 Windows 10 , 64 bit Build 19041 (10.0.19041.3031)
OS uptime: 0 days 4:31 hours

CPU: total 16 (initial active 16) (16 cores per cpu, 2 threads per core) family 25 model 33 stepping 0 microcode 0x0, cx8, cmov, fxsr, ht, mmx, 3dnowpref, sse, sse2, sse3, ssse3, sse4a, sse4.1, sse4.2, popcnt, lzcnt, tsc, tscinvbit, avx, avx2, aes, erms, clmul, bmi1, bmi2, adx, sha, fma, vzeroupper, clflush, clflushopt

Memory: 4k page, system-wide physical 32691M (21033M free)
TotalPageFile size 49555M (AvailPageFile size 33149M)
current process WorkingSet (physical memory assigned to process): 92M, peak: 92M
current process commit charge ("private bytes"): 639M, peak: 639M

vm_info: OpenJDK 64-Bit Server VM (17.0.7+7) for windows-amd64 JRE (17.0.7+7), built on Apr 18 2023 22:10:42 by "temurin" with MS VC++ 16.7 (VS2019)

END.
